<?xml version="1.0" encoding="UTF-8"?>
<testng-results skipped="0" failed="0" total="1" passed="1">
  <reporter-output>
  </reporter-output>
  <suite name="by.epam.tests.YandexMailTest" duration-ms="30749" started-at="2015-05-21T13:29:40Z" finished-at="2015-05-21T13:30:11Z">
    <groups>
    </groups>
    <test name="Command line test" duration-ms="30749" started-at="2015-05-21T13:29:40Z" finished-at="2015-05-21T13:30:11Z">
      <class name="by.epam.tests.YandexMailTest">
        <test-method status="PASS" signature="openDriver()[pri:0, instance:by.epam.tests.YandexMailTest@15335332]" name="openDriver" is-config="true" duration-ms="11124" started-at="2015-05-21T10:29:40Z" finished-at="2015-05-21T10:29:51Z">
          <reporter-output>
          </reporter-output>
        </test-method> <!-- openDriver -->
        <test-method status="PASS" signature="testYandexMailBox()[pri:0, instance:by.epam.tests.YandexMailTest@15335332]" name="testYandexMailBox" duration-ms="18280" started-at="2015-05-21T10:29:51Z" finished-at="2015-05-21T10:30:09Z">
          <reporter-output>
          </reporter-output>
        </test-method> <!-- testYandexMailBox -->
        <test-method status="PASS" signature="closeDriver()[pri:0, instance:by.epam.tests.YandexMailTest@15335332]" name="closeDriver" is-config="true" duration-ms="1332" started-at="2015-05-21T10:30:09Z" finished-at="2015-05-21T10:30:11Z">
          <reporter-output>
          </reporter-output>
        </test-method> <!-- closeDriver -->
      </class> <!-- by.epam.tests.YandexMailTest -->
    </test> <!-- Command line test -->
  </suite> <!-- by.epam.tests.YandexMailTest -->
</testng-results>
