<?xml version="1.0" encoding="UTF-8"?>
<testng-results skipped="0" failed="0" total="1" passed="1">
  <reporter-output>
  </reporter-output>
  <suite name="Default suite" duration-ms="29540" started-at="2015-05-21T13:27:02Z" finished-at="2015-05-21T13:27:32Z">
    <groups>
    </groups>
    <test name="Default test" duration-ms="29540" started-at="2015-05-21T13:27:02Z" finished-at="2015-05-21T13:27:32Z">
      <class name="by.epam.tests.YandexMailTest">
        <test-method status="PASS" signature="openDriver()[pri:0, instance:by.epam.tests.YandexMailTest@13de68e2]" name="openDriver" is-config="true" duration-ms="11317" started-at="2015-05-21T10:27:02Z" finished-at="2015-05-21T10:27:14Z">
          <reporter-output>
          </reporter-output>
        </test-method> <!-- openDriver -->
        <test-method status="PASS" signature="testYandexMailBox()[pri:0, instance:by.epam.tests.YandexMailTest@13de68e2]" name="testYandexMailBox" duration-ms="16970" started-at="2015-05-21T10:27:14Z" finished-at="2015-05-21T10:27:31Z">
          <reporter-output>
          </reporter-output>
        </test-method> <!-- testYandexMailBox -->
        <test-method status="PASS" signature="closeDriver()[pri:0, instance:by.epam.tests.YandexMailTest@13de68e2]" name="closeDriver" is-config="true" duration-ms="1237" started-at="2015-05-21T10:27:31Z" finished-at="2015-05-21T10:27:32Z">
          <reporter-output>
          </reporter-output>
        </test-method> <!-- closeDriver -->
      </class> <!-- by.epam.tests.YandexMailTest -->
    </test> <!-- Default test -->
  </suite> <!-- Default suite -->
</testng-results>
